<?xml version="1.0" encoding="UTF-8"?>
<testsuite name="edu.iupui.cs450.PeriodTest" tests="46" skipped="0" failures="0" errors="0" timestamp="2017-11-06T20:08:57" hostname="149-162-209-46.dhcp-in.iupui.edu" time="0.07">
  <properties/>
  <testcase name="testIsNotZero" classname="edu.iupui.cs450.PeriodTest" time="0.009"/>
  <testcase name="testNormalized" classname="edu.iupui.cs450.PeriodTest" time="0.001"/>
  <testcase name="testOfWeeks" classname="edu.iupui.cs450.PeriodTest" time="0.0"/>
  <testcase name="testOfYears" classname="edu.iupui.cs450.PeriodTest" time="0.0"/>
  <testcase name="testIfConditionOfCreate" classname="edu.iupui.cs450.PeriodTest" time="0.0"/>
  <testcase name="testGet" classname="edu.iupui.cs450.PeriodTest" time="0.0"/>
  <testcase name="testAddTo" classname="edu.iupui.cs450.PeriodTest" time="0.041"/>
  <testcase name="testMinus" classname="edu.iupui.cs450.PeriodTest" time="0.0"/>
  <testcase name="testParse" classname="edu.iupui.cs450.PeriodTest" time="0.0"/>
  <testcase name="testYearsIsNegative" classname="edu.iupui.cs450.PeriodTest" time="0.0"/>
  <testcase name="testFrom" classname="edu.iupui.cs450.PeriodTest" time="0.001"/>
  <testcase name="testPlus" classname="edu.iupui.cs450.PeriodTest" time="0.0"/>
  <testcase name="testPlusDays" classname="edu.iupui.cs450.PeriodTest" time="0.0"/>
  <testcase name="testToString" classname="edu.iupui.cs450.PeriodTest" time="0.0"/>
  <testcase name="testElseScalarMultipliedBy" classname="edu.iupui.cs450.PeriodTest" time="0.0"/>
  <testcase name="testElseEquals" classname="edu.iupui.cs450.PeriodTest" time="0.001"/>
  <testcase name="testZeroTotalmonthsSubtractFrom" classname="edu.iupui.cs450.PeriodTest" time="0.0"/>
  <testcase name="testOf" classname="edu.iupui.cs450.PeriodTest" time="0.0"/>
  <testcase name="testPlusYears" classname="edu.iupui.cs450.PeriodTest" time="0.0"/>
  <testcase name="testOfMonths" classname="edu.iupui.cs450.PeriodTest" time="0.0"/>
  <testcase name="testZeroDaysToString" classname="edu.iupui.cs450.PeriodTest" time="0.0"/>
  <testcase name="testIsNegative" classname="edu.iupui.cs450.PeriodTest" time="0.0"/>
  <testcase name="testTotZeroMonthsAddTo" classname="edu.iupui.cs450.PeriodTest" time="0.0"/>
  <testcase name="testMinusMonths" classname="edu.iupui.cs450.PeriodTest" time="0.0"/>
  <testcase name="testZeroSubtractFrom" classname="edu.iupui.cs450.PeriodTest" time="0.0"/>
  <testcase name="testIfOfWithDays" classname="edu.iupui.cs450.PeriodTest" time="0.0"/>
  <testcase name="testIfOfWithMonths" classname="edu.iupui.cs450.PeriodTest" time="0.0"/>
  <testcase name="testToTotalMonths" classname="edu.iupui.cs450.PeriodTest" time="0.001"/>
  <testcase name="testGetChronology" classname="edu.iupui.cs450.PeriodTest" time="0.0"/>
  <testcase name="testPlusMonths" classname="edu.iupui.cs450.PeriodTest" time="0.0"/>
  <testcase name="testZeroMonthsToString" classname="edu.iupui.cs450.PeriodTest" time="0.0"/>
  <testcase name="testZeroYearsToString" classname="edu.iupui.cs450.PeriodTest" time="0.0"/>
  <testcase name="testElseFrom" classname="edu.iupui.cs450.PeriodTest" time="0.0"/>
  <testcase name="testMinusYears" classname="edu.iupui.cs450.PeriodTest" time="0.0"/>
  <testcase name="testIfOfWithYears" classname="edu.iupui.cs450.PeriodTest" time="0.0"/>
  <testcase name="testMultipliedBy" classname="edu.iupui.cs450.PeriodTest" time="0.0"/>
  <testcase name="testElseMultipliedBy" classname="edu.iupui.cs450.PeriodTest" time="0.0"/>
  <testcase name="testDaysIsNegative" classname="edu.iupui.cs450.PeriodTest" time="0.0"/>
  <testcase name="testNegated" classname="edu.iupui.cs450.PeriodTest" time="0.0"/>
  <testcase name="testIsZero" classname="edu.iupui.cs450.PeriodTest" time="0.0"/>
  <testcase name="testIfEquals" classname="edu.iupui.cs450.PeriodTest" time="0.0"/>
  <testcase name="testOfDays" classname="edu.iupui.cs450.PeriodTest" time="0.0"/>
  <testcase name="testMonthsIsNegative" classname="edu.iupui.cs450.PeriodTest" time="0.0"/>
  <testcase name="testMinusDays" classname="edu.iupui.cs450.PeriodTest" time="0.001"/>
  <testcase name="testSubtractFrom" classname="edu.iupui.cs450.PeriodTest" time="0.0"/>
  <testcase name="testelseParse" classname="edu.iupui.cs450.PeriodTest" time="0.001"/>
  <system-out><![CDATA[]]></system-out>
  <system-err><![CDATA[]]></system-err>
</testsuite>
